<?xml version="1.0" encoding="UTF-8"?>
<testng-results ignored="0" total="5" passed="4" failed="1" skipped="0">
  <reporter-output>
  </reporter-output>
  <suite started-at="2024-04-18T11:02:12 IST" name="Default suite" finished-at="2024-04-18T11:03:39 IST" duration-ms="87265">
    <groups>
      <group name="cucumber">
        <method signature="AbstractTestNGCucumberTests.runScenario(io.cucumber.testng.PickleWrapper,io.cucumber.testng.FeatureWrapper)[pri:0, instance:Mmt_TrainRunner.TrainSearchRunner@eadd4fb]" name="runScenario" class="io.cucumber.testng.AbstractTestNGCucumberTests"/>
      </group> <!-- cucumber -->
    </groups>
    <test started-at="2024-04-18T11:02:12 IST" name="Default test" finished-at="2024-04-18T11:03:39 IST" duration-ms="87265">
      <class name="Mmt_TrainRunner.TrainSearchRunner">
        <test-method is-config="true" signature="setUpClass(org.testng.ITestContext)[pri:0, instance:Mmt_TrainRunner.TrainSearchRunner@eadd4fb]" started-at="2024-04-18T11:02:12 IST" name="setUpClass" finished-at="2024-04-18T11:02:13 IST" duration-ms="557" status="PASS">
          <params>
            <param index="0">
              <value>
                <![CDATA[org.testng.TestRunner@2bab618]]>
              </value>
            </param>
          </params>
          <reporter-output>
          </reporter-output>
        </test-method> <!-- setUpClass -->
        <test-method signature="runScenario(io.cucumber.testng.PickleWrapper,io.cucumber.testng.FeatureWrapper)[pri:0, instance:Mmt_TrainRunner.TrainSearchRunner@eadd4fb]" started-at="2024-04-18T11:02:13 IST" name="runScenario" description="Runs Cucumber Scenarios" data-provider="scenarios" finished-at="2024-04-18T11:02:29 IST" duration-ms="16273" status="PASS">
          <params>
            <param index="0">
              <value>
                <![CDATA["To validate the Book Train Ticket functionality of Trains option ."]]>
              </value>
            </param>
            <param index="1">
              <value>
                <![CDATA["To check the functionality of Train module in Makemytrip web application"]]>
              </value>
            </param>
          </params>
          <reporter-output>
          </reporter-output>
        </test-method> <!-- runScenario -->
        <test-method signature="runScenario(io.cucumber.testng.PickleWrapper,io.cucumber.testng.FeatureWrapper)[pri:0, instance:Mmt_TrainRunner.TrainSearchRunner@eadd4fb]" started-at="2024-04-18T11:02:29 IST" name="runScenario" description="Runs Cucumber Scenarios" data-provider="scenarios" finished-at="2024-04-18T11:02:42 IST" duration-ms="12940" status="PASS">
          <params>
            <param index="0">
              <value>
                <![CDATA["To check AC filter is applied"]]>
              </value>
            </param>
            <param index="1">
              <value>
                <![CDATA["To check the functionality of Train module in Makemytrip web application"]]>
              </value>
            </param>
          </params>
          <reporter-output>
          </reporter-output>
        </test-method> <!-- runScenario -->
        <test-method signature="runScenario(io.cucumber.testng.PickleWrapper,io.cucumber.testng.FeatureWrapper)[pri:0, instance:Mmt_TrainRunner.TrainSearchRunner@eadd4fb]" started-at="2024-04-18T11:02:42 IST" name="runScenario" description="Runs Cucumber Scenarios" data-provider="scenarios" finished-at="2024-04-18T11:02:58 IST" duration-ms="16079" status="PASS">
          <params>
            <param index="0">
              <value>
                <![CDATA["to check the PNR status of my train ticket"]]>
              </value>
            </param>
            <param index="1">
              <value>
                <![CDATA["To check the functionality of Train module in Makemytrip web application"]]>
              </value>
            </param>
          </params>
          <reporter-output>
          </reporter-output>
        </test-method> <!-- runScenario -->
        <test-method signature="runScenario(io.cucumber.testng.PickleWrapper,io.cucumber.testng.FeatureWrapper)[pri:0, instance:Mmt_TrainRunner.TrainSearchRunner@eadd4fb]" started-at="2024-04-18T11:02:58 IST" name="runScenario" description="Runs Cucumber Scenarios" data-provider="scenarios" finished-at="2024-04-18T11:03:16 IST" duration-ms="18031" status="PASS">
          <params>
            <param index="0">
              <value>
                <![CDATA["to check the PNR status with in invalid PNR number"]]>
              </value>
            </param>
            <param index="1">
              <value>
                <![CDATA["To check the functionality of Train module in Makemytrip web application"]]>
              </value>
            </param>
          </params>
          <reporter-output>
          </reporter-output>
        </test-method> <!-- runScenario -->
        <test-method signature="runScenario(io.cucumber.testng.PickleWrapper,io.cucumber.testng.FeatureWrapper)[pri:0, instance:Mmt_TrainRunner.TrainSearchRunner@eadd4fb]" started-at="2024-04-18T11:03:16 IST" name="runScenario" description="Runs Cucumber Scenarios" data-provider="scenarios" finished-at="2024-04-18T11:03:39 IST" duration-ms="23213" status="FAIL">
          <params>
            <param index="0">
              <value>
                <![CDATA["to check the live status of train"]]>
              </value>
            </param>
            <param index="1">
              <value>
                <![CDATA["To check the functionality of Train module in Makemytrip web application"]]>
              </value>
            </param>
          </params>
          <exception class="java.lang.AssertionError">
            <full-stacktrace>
              <![CDATA[java.lang.AssertionError
at org.junit.Assert.fail(Assert.java:86)
at org.junit.Assert.assertTrue(Assert.java:41)
at org.junit.Assert.assertTrue(Assert.java:52)
at Mmt_TrainStepDefinition.TrainSearch.user_should_be_able_see_the_live_status_of_particular_train(TrainSearch.java:223)
at ✽.user should be able see the live status of particular train(file:///C:/Users/S119/Contacts/Mmt_Train/src/test/resource/Features123/Train.feature:62)
]]>
            </full-stacktrace>
          </exception> <!-- java.lang.AssertionError -->
          <reporter-output>
          </reporter-output>
        </test-method> <!-- runScenario -->
        <test-method is-config="true" signature="tearDownClass()[pri:0, instance:Mmt_TrainRunner.TrainSearchRunner@eadd4fb]" started-at="2024-04-18T11:03:39 IST" name="tearDownClass" finished-at="2024-04-18T11:03:39 IST" duration-ms="126" status="PASS">
          <reporter-output>
          </reporter-output>
        </test-method> <!-- tearDownClass -->
      </class> <!-- Mmt_TrainRunner.TrainSearchRunner -->
    </test> <!-- Default test -->
  </suite> <!-- Default suite -->
</testng-results>
